Arguments: 
  C:\Program Files (x86)\nodejs\node.exe C:\Program Files (x86)\Yarn\bin\yarn.js install

PATH: 
  C:\Windows\system32;C:\Windows;C:\Windows\System32\Wbem;C:\Windows\System32\WindowsPowerShell\v1.0\;C:\Windows\System32\OpenSSH\;C:\Program Files (x86)\NVIDIA Corporation\PhysX\Common;C:\Program Files\NVIDIA Corporation\NVIDIA NvDLISR;C:\Program Files (x86)\nodejs\;D:\lianxi\Git\Git\cmd;C:\Program Files (x86)\Yarn\bin\;C:\Users\admin\AppData\Local\Microsoft\WindowsApps;C:\Users\admin\AppData\Roaming\npm;D:\开班资料\工具\编辑器\Microsoft VS Code\bin;C:\Program Files (x86)\Tencent\WeChat;D:\开班资料\工具\编辑器\Microsoft VS Code;C:\Users\admin\AppData\Local\Yarn\bin;C:\Program Files\MongoDB\Server\3.2\bin;

Yarn version: 
  1.22.4

Node version: 
  14.16.1

Platform: 
  win32 ia32

Trace: 
  Error: https://registry.npm.taobao.org/gome-ui-kit: [NOT_FOUND] gome-ui-kit not found
      at Request.params.callback [as _callback] (C:\Program Files (x86)\Yarn\lib\cli.js:66096:18)
      at Request.self.callback (C:\Program Files (x86)\Yarn\lib\cli.js:140748:22)
      at Request.emit (events.js:315:20)
      at Request.<anonymous> (C:\Program Files (x86)\Yarn\lib\cli.js:141720:10)
      at Request.emit (events.js:315:20)
      at Gunzip.<anonymous> (C:\Program Files (x86)\Yarn\lib\cli.js:141642:12)
      at Object.onceWrapper (events.js:421:28)
      at Gunzip.emit (events.js:315:20)
      at endReadableNT (internal/streams/readable.js:1327:12)
      at processTicksAndRejections (internal/process/task_queues.js:80:21)

npm manifest: 
  {
    "name": "erm",
    "version": "0.1.0",
    "private": true,
    "scripts": {
      "dev": "vue-cli-service serve --mode dev",
      "build:uat": "vue-cli-service build --mode uat",
      "build:tslive": "vue-cli-service build --mode pre",
      "build": "vue-cli-service build --mode prd"
    },
    "dependencies": {
      "@vue/composition-api": "^1.4.6",
      "animate.css": "^4.1.0",
      "archiver": "^4.0.1",
      "axios": "^0.19.0",
      "clipboard": "^2.0.6",
      "clipboard-polyfill": "^2.8.6",
      "core-js": "^3.4.3",
      "cos-js-sdk-v5": "^0.5.27",
      "element-ui": "^2.13.0",
      "gome-ui-kit": "^1.3.3",
      "js-file-download": "^0.4.12",
      "lodash": "^4.17.20",
      "md5": "^2.2.1",
      "moment": "^2.29.1",
      "postcss-plugin-px2rem": "^0.8.1",
      "postcss-px-to-viewport": "^1.1.1",
      "postcss-pxtorem": "^5.1.1",
      "qrcode": "^1.4.4",
      "qrcodejs2": "^0.0.2",
      "terser-webpack-plugin": "^5.2.4",
      "tim-js-sdk": "^2.7.7",
      "tweblive": "^0.3.2",
      "vconsole": "^3.3.4",
      "vue": "^2.6.10",
      "vue-fragment": "^1.5.1",
      "vue-visibility-change": "^1.2.1",
      "vuex": "^3.1.2"
    },
    "devDependencies": {
      "@vue/cli-plugin-babel": "^4.1.0",
      "@vue/cli-plugin-eslint": "^3.12.1",
      "@vue/cli-service": "^4.1.0",
      "babel-eslint": "^10.0.3",
      "babel-plugin-component": "^1.1.1",
      "cp": "^0.2.0",
      "eslint": "^5.16.0",
      "eslint-plugin-vue": "^5.0.0",
      "mockjs": "^1.1.0",
      "mta-h5-analysis": "^2.0.15",
      "qrcodejs": "^1.0.0",
      "sass": "^1.23.7",
      "sass-loader": "^8.0.0",
      "stylus": "^0.54.8",
      "stylus-loader": "^3.0.2",
      "vue-cli-plugin-element": "^1.0.1",
      "vue-template-compiler": "^2.6.10",
      "vuedraggable": "^2.24.1"
    }
  }

yarn manifest: 
  No manifest

Lockfile: 
  No lockfile
